<?xml version="1.0" encoding="UTF-8"?>
<!-- Generated by org.testng.reporters.JUnitXMLReporter -->
<testsuite ignored="0" hostname="DESKTOP-F9273RI" failures="0" tests="5" name="Test" time="62.536" errors="0" timestamp="2021-03-11T21:57:00 CST">
  <testcase classname="test.SignInPageTest" name="loginCheck" time="5.361"/>
  <testcase classname="test.HomePageTest" name="validateSearch" time="14.088"/>
  <testcase classname="test.HomePageTest" name="validateSearch" time="8.486"/>
  <testcase classname="test.HomePageTest" name="validateSearch" time="7.795"/>
  <testcase classname="test.HomePageTest" name="validateAddToCart" time="18.477"/>
</testsuite> <!-- Test -->
