<?xml version="1.0" encoding="UTF-8"?>
<testng-results ignored="0" total="5" passed="5" failed="0" skipped="0">
  <reporter-output>
  </reporter-output>
  <suite started-at="2021-03-11T21:55:57 CST" name="Suite" finished-at="2021-03-11T21:56:59 CST" duration-ms="62536">
    <groups>
    </groups>
    <test started-at="2021-03-11T21:55:57 CST" name="Test" finished-at="2021-03-11T21:56:59 CST" duration-ms="62536">
      <class name="test.HomePageTest">
        <test-method is-config="true" signature="intialize()[pri:0, instance:test.HomePageTest@152aa092]" started-at="2021-03-11T21:55:57 CST" name="intialize" finished-at="2021-03-11T21:56:09 CST" duration-ms="12174" status="PASS">
          <reporter-output>
          </reporter-output>
        </test-method> <!-- intialize -->
        <test-method signature="validateSearch(java.lang.String)[pri:1, instance:test.HomePageTest@152aa092]" started-at="2021-03-11T21:56:09 CST" name="validateSearch" data-provider="input" finished-at="2021-03-11T21:56:23 CST" duration-ms="14088" status="PASS">
          <params>
            <param index="0">
              <value>
                <![CDATA[games]]>
              </value>
            </param>
          </params>
          <reporter-output>
          </reporter-output>
        </test-method> <!-- validateSearch -->
        <test-method signature="validateSearch(java.lang.String)[pri:1, instance:test.HomePageTest@152aa092]" started-at="2021-03-11T21:56:23 CST" name="validateSearch" data-provider="input" finished-at="2021-03-11T21:56:32 CST" duration-ms="8486" status="PASS">
          <params>
            <param index="0">
              <value>
                <![CDATA[videos]]>
              </value>
            </param>
          </params>
          <reporter-output>
          </reporter-output>
        </test-method> <!-- validateSearch -->
        <test-method signature="validateSearch(java.lang.String)[pri:1, instance:test.HomePageTest@152aa092]" started-at="2021-03-11T21:56:32 CST" name="validateSearch" data-provider="input" finished-at="2021-03-11T21:56:40 CST" duration-ms="7795" status="PASS">
          <params>
            <param index="0">
              <value>
                <![CDATA[toys]]>
              </value>
            </param>
          </params>
          <reporter-output>
          </reporter-output>
        </test-method> <!-- validateSearch -->
        <test-method signature="validateAddToCart()[pri:2, instance:test.HomePageTest@152aa092]" started-at="2021-03-11T21:56:40 CST" name="validateAddToCart" finished-at="2021-03-11T21:56:58 CST" duration-ms="18477" status="PASS">
          <reporter-output>
          </reporter-output>
        </test-method> <!-- validateAddToCart -->
        <test-method is-config="true" signature="quit()[pri:0, instance:test.HomePageTest@152aa092]" started-at="2021-03-11T21:56:58 CST" name="quit" finished-at="2021-03-11T21:56:59 CST" duration-ms="1372" status="PASS">
          <reporter-output>
          </reporter-output>
        </test-method> <!-- quit -->
      </class> <!-- test.HomePageTest -->
      <class name="test.SignInPageTest">
        <test-method is-config="true" signature="initialize()[pri:0, instance:test.SignInPageTest@44a7bfbc]" started-at="2021-03-11T21:55:57 CST" name="initialize" finished-at="2021-03-11T21:56:11 CST" duration-ms="14407" status="PASS">
          <reporter-output>
          </reporter-output>
        </test-method> <!-- initialize -->
        <test-method signature="loginCheck()[pri:0, instance:test.SignInPageTest@44a7bfbc]" started-at="2021-03-11T21:56:11 CST" name="loginCheck" finished-at="2021-03-11T21:56:17 CST" duration-ms="5361" status="PASS">
          <reporter-output>
          </reporter-output>
        </test-method> <!-- loginCheck -->
        <test-method is-config="true" signature="close()[pri:0, instance:test.SignInPageTest@44a7bfbc]" started-at="2021-03-11T21:56:17 CST" name="close" finished-at="2021-03-11T21:56:19 CST" duration-ms="2280" status="PASS">
          <reporter-output>
          </reporter-output>
        </test-method> <!-- close -->
      </class> <!-- test.SignInPageTest -->
    </test> <!-- Test -->
  </suite> <!-- Suite -->
</testng-results>
