<?xml version="1.0" encoding="UTF-8"?>
<testng-results ignored="0" total="1" passed="1" failed="0" skipped="0">
  <reporter-output>
  </reporter-output>
  <suite started-at="2021-04-09T10:46:22 CDT" name="Suite" finished-at="2021-04-09T10:46:38 CDT" duration-ms="15545">
    <groups>
    </groups>
    <test started-at="2021-04-09T10:46:22 CDT" name="Test" finished-at="2021-04-09T10:46:38 CDT" duration-ms="15545">
      <class name="test.SignInPageTest">
        <test-method is-config="true" signature="initialize()[pri:0, instance:test.SignInPageTest@2e1d27ba]" started-at="2021-04-09T10:46:22 CDT" name="initialize" finished-at="2021-04-09T10:46:31 CDT" duration-ms="8973" status="PASS">
          <reporter-output>
          </reporter-output>
        </test-method> <!-- initialize -->
        <test-method signature="loginCheck()[pri:0, instance:test.SignInPageTest@2e1d27ba]" started-at="2021-04-09T10:46:31 CDT" name="loginCheck" finished-at="2021-04-09T10:46:37 CDT" duration-ms="5455" status="PASS">
          <reporter-output>
          </reporter-output>
        </test-method> <!-- loginCheck -->
        <test-method is-config="true" signature="close()[pri:0, instance:test.SignInPageTest@2e1d27ba]" started-at="2021-04-09T10:46:37 CDT" name="close" finished-at="2021-04-09T10:46:38 CDT" duration-ms="1070" status="PASS">
          <reporter-output>
          </reporter-output>
        </test-method> <!-- close -->
      </class> <!-- test.SignInPageTest -->
    </test> <!-- Test -->
  </suite> <!-- Suite -->
</testng-results>
