<?xml version="1.0" encoding="UTF-8"?>
<!-- Generated by org.testng.reporters.JUnitXMLReporter -->
<testsuite ignored="0" hostname="DESKTOP-F9273RI" failures="0" tests="4" name="Default test" time="53.908" errors="0" timestamp="2021-03-11T21:55:44 CST">
  <testcase classname="test.HomePageTest" name="validateSearch" time="10.548"/>
  <testcase classname="test.HomePageTest" name="validateSearch" time="7.937"/>
  <testcase classname="test.HomePageTest" name="validateSearch" time="7.674"/>
  <testcase classname="test.HomePageTest" name="validateAddToCart" time="18.81"/>
</testsuite> <!-- Default test -->
